<?xml version="1.0" encoding="UTF-8"?>
<!-- Generated by org.testng.reporters.JUnitReportReporter -->
<testsuite skipped="0" hostname="DESKTOP-0S344VJ" name="util.Browserfactory" tests="1" failures="0" timestamp="2022-03-26T23:23:11 EDT" time="4.301" errors="0">
  <testcase name="init" time="4.301" classname="util.Browserfactory"/>
  <system-out/>
</testsuite> <!-- util.Browserfactory -->
