<?xml version="1.0" encoding="UTF-8"?>
<!-- Generated by org.testng.reporters.JUnitReportReporter -->
<testsuite skipped="0" hostname="DESKTOP-0S344VJ" name="test.Logintest" tests="1" failures="0" timestamp="2022-03-27T17:37:11 EDT" time="5.619" errors="0">
  <testcase name="usershouldbeabletologin" time="5.619" classname="test.Logintest"/>
  <system-out/>
</testsuite> <!-- test.Logintest -->
